# JRE version: OpenJDK Runtime Environment Corretto-17.0.6.10.1 (17.0.6+10) (build 17.0.6+10-LTS)
# Java VM: OpenJDK 64-Bit Server VM Corretto-17.0.6.10.1 (17.0.6+10-LTS, mixed mode, sharing, tiered, compressed oops, compressed class ptrs, g1 gc, windows-amd64)
GC Precious Log:
 CPUs: 12 total, 12 available
 Memory: 16158M
 Large Page Support: Disabled
 NUMA Support: Disabled
 Compressed Oops: Enabled (Zero based)
 Heap Region Size: 2M
 Heap Min Capacity: 8M
 Heap Initial Capacity: 254M
 Heap Max Capacity: 4040M
 Pre-touch: Disabled
 Parallel Workers: 10
 Concurrent Workers: 3
 Concurrent Refinement Workers: 10
 Periodic GC: Disabled
Heap:
 garbage-first heap   total 260096K, used 79113K [0x0000000703800000, 0x0000000800000000)
  region size 2048K, 2 young (4096K), 2 survivors (4096K)
 Metaspace       used 67553K, committed 68032K, reserved 1114112K
  class space    used 8876K, committed 9152K, reserved 1048576K
GC Heap History (20 events):
Event: 2.893 GC heap after
{Heap after GC invocations=9 (full 0):
 garbage-first heap   total 55296K, used 18829K [0x0000000703800000, 0x0000000800000000)
  region size 2048K, 2 young (4096K), 2 survivors (4096K)
 Metaspace       used 35196K, committed 35520K, reserved 1081344K
  class space    used 4644K, committed 4800K, reserved 1048576K
}
Event: 2.909 GC heap before
{Heap before GC invocations=9 (full 0):
 garbage-first heap   total 55296K, used 18829K [0x0000000703800000, 0x0000000800000000)
  region size 2048K, 3 young (6144K), 2 survivors (4096K)
 Metaspace       used 35613K, committed 35968K, reserved 1081344K
  class space    used 4681K, committed 4864K, reserved 1048576K
}
Event: 2.911 GC heap after
{Heap after GC invocations=10 (full 0):
 garbage-first heap   total 55296K, used 19151K [0x0000000703800000, 0x0000000800000000)
  region size 2048K, 1 young (2048K), 1 survivors (2048K)
 Metaspace       used 35613K, committed 35968K, reserved 1081344K
  class space    used 4681K, committed 4864K, reserved 1048576K
}
Event: 3.359 GC heap before
{Heap before GC invocations=11 (full 0):
 garbage-first heap   total 55296K, used 37583K [0x0000000703800000, 0x0000000800000000)
  region size 2048K, 11 young (22528K), 1 survivors (2048K)
 Metaspace       used 43491K, committed 43776K, reserved 1089536K
  class space    used 5708K, committed 5824K, reserved 1048576K
}
Event: 3.362 GC heap after
{Heap after GC invocations=12 (full 0):
 garbage-first heap   total 157696K, used 21213K [0x0000000703800000, 0x0000000800000000)
  region size 2048K, 2 young (4096K), 2 survivors (4096K)
 Metaspace       used 43491K, committed 43776K, reserved 1089536K
  class space    used 5708K, committed 5824K, reserved 1048576K
}
Event: 3.401 GC heap before
{Heap before GC invocations=12 (full 0):
 garbage-first heap   total 157696K, used 21213K [0x0000000703800000, 0x0000000800000000)
  region size 2048K, 3 young (6144K), 2 survivors (4096K)
 Metaspace       used 43903K, committed 44224K, reserved 1089536K
  class space    used 5755K, committed 5888K, reserved 1048576K
}
Event: 3.405 GC heap after
{Heap after GC invocations=13 (full 0):
 garbage-first heap   total 157696K, used 21329K [0x0000000703800000, 0x0000000800000000)
  region size 2048K, 1 young (2048K), 1 survivors (2048K)
 Metaspace       used 43903K, committed 44224K, reserved 1089536K
  class space    used 5755K, committed 5888K, reserved 1048576K
}
Event: 4.756 GC heap before
{Heap before GC invocations=13 (full 0):
 garbage-first heap   total 157696K, used 113489K [0x0000000703800000, 0x0000000800000000)
  region size 2048K, 46 young (94208K), 1 survivors (2048K)
 Metaspace       used 56712K, committed 57152K, reserved 1105920K
  class space    used 7504K, committed 7744K, reserved 1048576K
}
Event: 4.761 GC heap after
{Heap after GC invocations=14 (full 0):
 garbage-first heap   total 157696K, used 25409K [0x0000000703800000, 0x0000000800000000)
  region size 2048K, 3 young (6144K), 3 survivors (6144K)
 Metaspace       used 56712K, committed 57152K, reserved 1105920K
  class space    used 7504K, committed 7744K, reserved 1048576K
}
Event: 5.268 GC heap before
{Heap before GC invocations=14 (full 0):
 garbage-first heap   total 157696K, used 107329K [0x0000000703800000, 0x0000000800000000)
  region size 2048K, 44 young (90112K), 3 survivors (6144K)
 Metaspace       used 59883K, committed 60288K, reserved 1105920K
  class space    used 7897K, committed 8128K, reserved 1048576K
}
Event: 5.273 GC heap after
{Heap after GC invocations=15 (full 0):
 garbage-first heap   total 157696K, used 28930K [0x0000000703800000, 0x0000000800000000)
  region size 2048K, 5 young (10240K), 5 survivors (10240K)
 Metaspace       used 59883K, committed 60288K, reserved 1105920K
  class space    used 7897K, committed 8128K, reserved 1048576K
}
Event: 27.759 GC heap before
{Heap before GC invocations=16 (full 0):
 garbage-first heap   total 116736K, used 86274K [0x0000000703800000, 0x0000000800000000)
  region size 2048K, 34 young (69632K), 5 survivors (10240K)
 Metaspace       used 67551K, committed 68032K, reserved 1114112K
  class space    used 8876K, committed 9152K, reserved 1048576K
}
Event: 27.773 GC heap after
{Heap after GC invocations=17 (full 0):
 garbage-first heap   total 116736K, used 42834K [0x0000000703800000, 0x0000000800000000)
  region size 2048K, 5 young (10240K), 5 survivors (10240K)
 Metaspace       used 67551K, committed 68032K, reserved 1114112K
  class space    used 8876K, committed 9152K, reserved 1048576K
}
Event: 27.775 GC heap before
{Heap before GC invocations=17 (full 0):
 garbage-first heap   total 116736K, used 42834K [0x0000000703800000, 0x0000000800000000)
  region size 2048K, 6 young (12288K), 5 survivors (10240K)
 Metaspace       used 67551K, committed 68032K, reserved 1114112K
  class space    used 8876K, committed 9152K, reserved 1048576K
}
Event: 27.781 GC heap after
{Heap after GC invocations=18 (full 0):
 garbage-first heap   total 116736K, used 44928K [0x0000000703800000, 0x0000000800000000)
  region size 2048K, 1 young (2048K), 1 survivors (2048K)
 Metaspace       used 67551K, committed 68032K, reserved 1114112K
  class space    used 8876K, committed 9152K, reserved 1048576K
}
Event: 27.787 GC heap before
{Heap before GC invocations=18 (full 0):
 garbage-first heap   total 116736K, used 44928K [0x0000000703800000, 0x0000000800000000)
  region size 2048K, 3 young (6144K), 1 survivors (2048K)
 Metaspace       used 67551K, committed 68032K, reserved 1114112K
  class space    used 8876K, committed 9152K, reserved 1048576K
}
Event: 27.789 GC heap after
{Heap after GC invocations=19 (full 0):
 garbage-first heap   total 116736K, used 48384K [0x0000000703800000, 0x0000000800000000)
  region size 2048K, 3 young (6144K), 3 survivors (6144K)
 Metaspace       used 67551K, committed 68032K, reserved 1114112K
  class space    used 8876K, committed 9152K, reserved 1048576K
}
Event: 27.807 GC heap before
{Heap before GC invocations=19 (full 0):
 garbage-first heap   total 116736K, used 56576K [0x0000000703800000, 0x0000000800000000)
  region size 2048K, 4 young (8192K), 3 survivors (6144K)
 Metaspace       used 67552K, committed 68032K, reserved 1114112K
  class space    used 8876K, committed 9152K, reserved 1048576K
}
Event: 27.810 GC heap after
{Heap after GC invocations=20 (full 0):
 garbage-first heap   total 116736K, used 56715K [0x0000000703800000, 0x0000000800000000)
  region size 2048K, 1 young (2048K), 1 survivors (2048K)
 Metaspace       used 67552K, committed 68032K, reserved 1114112K
  class space    used 8876K, committed 9152K, reserved 1048576K
}
Event: 27.881 GC heap before
{Heap before GC invocations=21 (full 0):
 garbage-first heap   total 126976K, used 87435K [0x0000000703800000, 0x0000000800000000)
  region size 2048K, 10 young (20480K), 1 survivors (2048K)
 Metaspace       used 67553K, committed 68032K, reserved 1114112K
  class space    used 8876K, committed 9152K, reserved 1048576K
}

